<?xml version="1.0" encoding="UTF-8"?>
<testsuite xmlns:xsi="http://www.w3.org/2001/XMLSchema-instance" xsi:noNamespaceSchemaLocation="https://maven.apache.org/surefire/maven-surefire-plugin/xsd/surefire-test-report.xsd" version="3.0.2" name="com.app.SpringBootDemoApplicationTests" time="3.551" tests="1" errors="0" skipped="0" failures="0">
  <properties>
[...]
</properties>
  <testcase name="contextLoads" classname="com.app.SpringBootDemoApplicationTests" time="0.885">
    <system-out><![CDATA[13:47:34.656 [main] INFO org.springframework.test.context.support.AnnotationConfigContextLoaderUtils -- Could not detect default configuration classes for test class [com.app.SpringBootDemoApplicationTests]: SpringBootDemoApplicationTests does not declare any static, non-private, non-final, nested classes annotated with @Configuration.
13:47:34.821 [main] INFO org.springframework.boot.test.context.SpringBootTestContextBootstrapper -- Found @SpringBootConfiguration com.app.SpringBootDemoApplication for test class com.app.SpringBootDemoApplicationTests

  .   ____          _            __ _ _
 /\\ / ___'_ __ _ _(_)_ __  __ _ \ \ \ \
( ( )\___ | '_ | '_| | '_ \/ _` | \ \ \ \
 \\/  ___)| |_)| | | | | || (_| |  ) ) ) )
  '  |____| .__|_| |_|_| |_\__, | / / / /
 =========|_|==============|___/=/_/_/_/

 :: Spring Boot ::                (v3.5.0)

2025-05-29T13:47:35.534+05:30  INFO 4920 --- [SpringBootDemo] [           main] com.app.SpringBootDemoApplicationTests   : Starting SpringBootDemoApplicationTests using Java 17.0.11 with PID 4920 (started by group023 in C:\Users\group023\Documents\Cdac\WBJ\SpringBootDemo)
2025-05-29T13:47:35.536+05:30  INFO 4920 --- [SpringBootDemo] [           main] com.app.SpringBootDemoApplicationTests   : No active profile set, falling back to 1 default profile: "default"
2025-05-29T13:47:37.095+05:30  INFO 4920 --- [SpringBootDemo] [           main] com.app.SpringBootDemoApplicationTests   : Started SpringBootDemoApplicationTests in 2.025 seconds (process running for 3.329)
]]></system-out>
  </testcase>
</testsuite>